# JRE version: OpenJDK Runtime Environment (11.0.15) (build 11.0.15+0-b2043.56-9505619)
# Java VM: OpenJDK 64-Bit Server VM (11.0.15+0-b2043.56-9505619, mixed mode, tiered, compressed oops, g1 gc, windows-amd64)
Heap:
 garbage-first heap   total 523264K, used 360119K [0x0000000080000000, 0x0000000100000000)
  region size 1024K, 90 young (92160K), 8 survivors (8192K)
 Metaspace       used 164148K, capacity 170392K, committed 172444K, reserved 1198080K
  class space    used 20173K, capacity 22502K, committed 23628K, reserved 1048576K
GC Heap History (20 events):
Event: 4052.706 GC heap before
{Heap before GC invocations=40 (full 0):
 garbage-first heap   total 523264K, used 424521K [0x0000000080000000, 0x0000000100000000)
  region size 1024K, 201 young (205824K), 3 survivors (3072K)
 Metaspace       used 160611K, capacity 165903K, committed 171164K, reserved 1198080K
  class space    used 19810K, capacity 21835K, committed 23628K, reserved 1048576K
}
Event: 4052.767 GC heap after
{Heap after GC invocations=41 (full 0):
 garbage-first heap   total 523264K, used 228244K [0x0000000080000000, 0x0000000100000000)
  region size 1024K, 8 young (8192K), 8 survivors (8192K)
 Metaspace       used 160611K, capacity 165903K, committed 171164K, reserved 1198080K
  class space    used 19810K, capacity 21835K, committed 23628K, reserved 1048576K
}
Event: 4746.511 GC heap before
{Heap before GC invocations=42 (full 0):
 garbage-first heap   total 523264K, used 483220K [0x0000000080000000, 0x0000000100000000)
  region size 1024K, 207 young (211968K), 8 survivors (8192K)
 Metaspace       used 161066K, capacity 166376K, committed 171420K, reserved 1198080K
  class space    used 19817K, capacity 21847K, committed 23628K, reserved 1048576K
}
Event: 4746.556 GC heap after
{Heap after GC invocations=43 (full 0):
 garbage-first heap   total 523264K, used 234835K [0x0000000080000000, 0x0000000100000000)
  region size 1024K, 13 young (13312K), 13 survivors (13312K)
 Metaspace       used 161066K, capacity 166376K, committed 171420K, reserved 1198080K
  class space    used 19817K, capacity 21847K, committed 23628K, reserved 1048576K
}
Event: 4773.632 GC heap before
{Heap before GC invocations=43 (full 0):
 garbage-first heap   total 523264K, used 246099K [0x0000000080000000, 0x0000000100000000)
  region size 1024K, 25 young (25600K), 13 survivors (13312K)
 Metaspace       used 161964K, capacity 167795K, committed 171420K, reserved 1198080K
  class space    used 19993K, capacity 22173K, committed 23628K, reserved 1048576K
}
Event: 4773.652 GC heap after
{Heap after GC invocations=44 (full 0):
 garbage-first heap   total 523264K, used 219104K [0x0000000080000000, 0x0000000100000000)
  region size 1024K, 3 young (3072K), 3 survivors (3072K)
 Metaspace       used 161964K, capacity 167795K, committed 171420K, reserved 1198080K
  class space    used 19993K, capacity 22173K, committed 23628K, reserved 1048576K
}
Event: 4910.679 GC heap before
{Heap before GC invocations=44 (full 0):
 garbage-first heap   total 523264K, used 426976K [0x0000000080000000, 0x0000000100000000)
  region size 1024K, 207 young (211968K), 3 survivors (3072K)
 Metaspace       used 163251K, capacity 169561K, committed 171676K, reserved 1198080K
  class space    used 20161K, capacity 22483K, committed 23628K, reserved 1048576K
}
Event: 4910.702 GC heap after
{Heap after GC invocations=45 (full 0):
 garbage-first heap   total 523264K, used 226818K [0x0000000080000000, 0x0000000100000000)
  region size 1024K, 11 young (11264K), 11 survivors (11264K)
 Metaspace       used 163251K, capacity 169561K, committed 171676K, reserved 1198080K
  class space    used 20161K, capacity 22483K, committed 23628K, reserved 1048576K
}
Event: 5093.242 GC heap before
{Heap before GC invocations=46 (full 0):
 garbage-first heap   total 523264K, used 482818K [0x0000000080000000, 0x0000000100000000)
  region size 1024K, 211 young (216064K), 11 survivors (11264K)
 Metaspace       used 163652K, capacity 169941K, committed 171932K, reserved 1198080K
  class space    used 20170K, capacity 22498K, committed 23628K, reserved 1048576K
}
Event: 5093.252 GC heap after
{Heap after GC invocations=47 (full 0):
 garbage-first heap   total 523264K, used 227378K [0x0000000080000000, 0x0000000100000000)
  region size 1024K, 9 young (9216K), 9 survivors (9216K)
 Metaspace       used 163652K, capacity 169941K, committed 171932K, reserved 1198080K
  class space    used 20170K, capacity 22498K, committed 23628K, reserved 1048576K
}
Event: 5093.423 GC heap before
{Heap before GC invocations=47 (full 0):
 garbage-first heap   total 523264K, used 243762K [0x0000000080000000, 0x0000000100000000)
  region size 1024K, 25 young (25600K), 9 survivors (9216K)
 Metaspace       used 163655K, capacity 169941K, committed 171932K, reserved 1198080K
  class space    used 20170K, capacity 22498K, committed 23628K, reserved 1048576K
}
Event: 5093.468 GC heap after
{Heap after GC invocations=48 (full 0):
 garbage-first heap   total 523264K, used 216155K [0x0000000080000000, 0x0000000100000000)
  region size 1024K, 2 young (2048K), 2 survivors (2048K)
 Metaspace       used 163655K, capacity 169941K, committed 171932K, reserved 1198080K
  class space    used 20170K, capacity 22498K, committed 23628K, reserved 1048576K
}
Event: 5296.747 GC heap before
{Heap before GC invocations=48 (full 0):
 garbage-first heap   total 523264K, used 297051K [0x0000000080000000, 0x0000000100000000)
  region size 1024K, 83 young (84992K), 2 survivors (2048K)
 Metaspace       used 163741K, capacity 170080K, committed 172188K, reserved 1198080K
  class space    used 20170K, capacity 22498K, committed 23628K, reserved 1048576K
}
Event: 5296.772 GC heap after
{Heap after GC invocations=49 (full 0):
 garbage-first heap   total 523264K, used 225202K [0x0000000080000000, 0x0000000100000000)
  region size 1024K, 11 young (11264K), 11 survivors (11264K)
 Metaspace       used 163741K, capacity 170080K, committed 172188K, reserved 1198080K
  class space    used 20170K, capacity 22498K, committed 23628K, reserved 1048576K
}
Event: 5599.543 GC heap before
{Heap before GC invocations=50 (full 0):
 garbage-first heap   total 523264K, used 453554K [0x0000000080000000, 0x0000000100000000)
  region size 1024K, 184 young (188416K), 11 survivors (11264K)
 Metaspace       used 163960K, capacity 170249K, committed 172188K, reserved 1198080K
  class space    used 20172K, capacity 22502K, committed 23628K, reserved 1048576K
}
Event: 5599.565 GC heap after
{Heap after GC invocations=51 (full 0):
 garbage-first heap   total 523264K, used 221733K [0x0000000080000000, 0x0000000100000000)
  region size 1024K, 6 young (6144K), 6 survivors (6144K)
 Metaspace       used 163960K, capacity 170249K, committed 172188K, reserved 1198080K
  class space    used 20172K, capacity 22502K, committed 23628K, reserved 1048576K
}
Event: 5599.712 GC heap before
{Heap before GC invocations=51 (full 0):
 garbage-first heap   total 523264K, used 240165K [0x0000000080000000, 0x0000000100000000)
  region size 1024K, 25 young (25600K), 6 survivors (6144K)
 Metaspace       used 163982K, capacity 170250K, committed 172188K, reserved 1198080K
  class space    used 20173K, capacity 22502K, committed 23628K, reserved 1048576K
}
Event: 5599.725 GC heap after
{Heap after GC invocations=52 (full 0):
 garbage-first heap   total 523264K, used 219832K [0x0000000080000000, 0x0000000100000000)
  region size 1024K, 3 young (3072K), 3 survivors (3072K)
 Metaspace       used 163982K, capacity 170250K, committed 172188K, reserved 1198080K
  class space    used 20173K, capacity 22502K, committed 23628K, reserved 1048576K
}
Event: 5600.025 GC heap before
{Heap before GC invocations=52 (full 0):
 garbage-first heap   total 523264K, used 256696K [0x0000000080000000, 0x0000000100000000)
  region size 1024K, 40 young (40960K), 3 survivors (3072K)
 Metaspace       used 164004K, capacity 170250K, committed 172188K, reserved 1198080K
  class space    used 20173K, capacity 22502K, committed 23628K, reserved 1048576K
}
Event: 5600.060 GC heap after
{Heap after GC invocations=53 (full 0):
 garbage-first heap   total 523264K, used 224952K [0x0000000080000000, 0x0000000100000000)
  region size 1024K, 8 young (8192K), 8 survivors (8192K)
 Metaspace       used 164004K, capacity 170250K, committed 172188K, reserved 1198080K
  class space    used 20173K, capacity 22502K, committed 23628K, reserved 1048576K
}

